This is pdfeTeX, Version 3.141592-1.21a-2.2 (Web2C 7.5.4) (format=latex 2012.12.13)  7 AUG 2014 14:16
entering extended mode
**project
(./project.tex
LaTeX2e <2003/12/01>
Babel <v3.8d> and hyphenation patterns for american, french, german, ngerman, b
ahasa, basque, bulgarian, catalan, croatian, czech, danish, dutch, esperanto, e
stonian, finnish, greek, icelandic, irish, italian, latin, magyar, norsk, polis
h, portuges, romanian, russian, serbian, slovak, slovene, spanish, swedish, tur
kish, ukrainian, nohyphenation, loaded.
(./COSCMSproject.cls
Document Class: COSCMSproject 2009/12/05 Texas A&M University - Corpus Christi 
CSCI Thesis Class
(/usr/share/texmf/tex/latex/base/report.cls
Document Class: report 2004/02/16 v1.4f Standard LaTeX document class
(/usr/share/texmf/tex/latex/base/size12.clo
File: size12.clo 2004/02/16 v1.4f Standard LaTeX file (size option)
)
\c@part=\count79
\c@chapter=\count80
\c@section=\count81
\c@subsection=\count82
\c@subsubsection=\count83
\c@paragraph=\count84
\c@subparagraph=\count85
\c@figure=\count86
\c@table=\count87
\abovecaptionskip=\skip41
\belowcaptionskip=\skip42
\bibindent=\dimen102
) (./COSCMSproject.sty)
\descriptionmargin=\dimen103
\c@subsubsubsection=\count88
\c@appendix=\count89
\c@sucount=\count90
\toddhack=\dimen104
\twoem=\dimen105
\zeroem=\dimen106
\fignumbox=\dimen107
\apprlineup=\dimen108
\c@lineno=\count91
\c@Lineno=\count92
)
(/usr/share/texmf/tex/latex/amsfonts/amsfonts.sty
Package: amsfonts 2001/10/25 v2.2f
\@emptytoks=\toks14
\symAMSa=\mathgroup4
\symAMSb=\mathgroup5
LaTeX Font Info:    Overwriting math alphabet `\mathfrak' in version `bold'
(Font)                  U/euf/m/n --> U/euf/b/n on input line 132.
)
(/usr/share/texmf/tex/latex/graphics/graphicx.sty
Package: graphicx 1999/02/16 v1.0f Enhanced LaTeX Graphics (DPC,SPQR)

(/usr/share/texmf/tex/latex/graphics/keyval.sty
Package: keyval 1999/03/16 v1.13 key=value parser (DPC)
\KV@toks@=\toks15
)
(/usr/share/texmf/tex/latex/graphics/graphics.sty
Package: graphics 2001/07/07 v1.0n Standard LaTeX Graphics (DPC,SPQR)

(/usr/share/texmf/tex/latex/graphics/trig.sty
Package: trig 1999/03/16 v1.09 sin cos tan (DPC)
)
(/usr/share/texmf/tex/latex/graphics/graphics.cfg
File: graphics.cfg 2005/02/03 v1.3 graphics configuration of teTeX/TeXLive
)
Package graphics Info: Driver file: dvips.def on input line 80.

(/usr/share/texmf/tex/latex/graphics/dvips.def
File: dvips.def 1999/02/16 v3.0i Driver-dependant file (DPC,SPQR)
))
\Gin@req@height=\dimen109
\Gin@req@width=\dimen110
)
(/usr/share/texmf/tex/latex/amsmath/amsmath.sty
Package: amsmath 2000/07/18 v2.13 AMS math features
\@mathmargin=\skip43

For additional information on amsmath, use the `?' option.
(/usr/share/texmf/tex/latex/amsmath/amstext.sty
Package: amstext 2000/06/29 v2.01

(/usr/share/texmf/tex/latex/amsmath/amsgen.sty
File: amsgen.sty 1999/11/30 v2.0
\@emptytoks=\toks16
\ex@=\dimen111
))
(/usr/share/texmf/tex/latex/amsmath/amsbsy.sty
Package: amsbsy 1999/11/29 v1.2d
\pmbraise@=\dimen112
)
(/usr/share/texmf/tex/latex/amsmath/amsopn.sty
Package: amsopn 1999/12/14 v2.01 operator names
)
\inf@bad=\count93
LaTeX Info: Redefining \frac on input line 211.
\uproot@=\count94
\leftroot@=\count95
LaTeX Info: Redefining \overline on input line 307.
\classnum@=\count96
\DOTSCASE@=\count97
LaTeX Info: Redefining \ldots on input line 379.
LaTeX Info: Redefining \dots on input line 382.
LaTeX Info: Redefining \cdots on input line 467.
\Mathstrutbox@=\box26
\strutbox@=\box27
\big@size=\dimen113
LaTeX Font Info:    Redeclaring font encoding OML on input line 567.
LaTeX Font Info:    Redeclaring font encoding OMS on input line 568.
\macc@depth=\count98
\c@MaxMatrixCols=\count99
\dotsspace@=\muskip10
\c@parentequation=\count100
\dspbrk@lvl=\count101
\tag@help=\toks17
\row@=\count102
\column@=\count103
\maxfields@=\count104
\andhelp@=\toks18
\eqnshift@=\dimen114
\alignsep@=\dimen115
\tagshift@=\dimen116
\tagwidth@=\dimen117
\totwidth@=\dimen118
\lineht@=\dimen119
\@envbody=\toks19
\multlinegap=\skip44
\multlinetaggap=\skip45
\mathdisplay@stack=\toks20
LaTeX Info: Redefining \[ on input line 2666.
LaTeX Info: Redefining \] on input line 2667.
)
(/usr/share/texmf/tex/latex/mh/mathtools.sty
Package: mathtools 2004/10/10 v1.01a mathematical typesetting tools (MH)

(/usr/share/texmf/tex/latex/tools/calc.sty
Package: calc 1998/07/07 v4.1b Infix arithmetic (KKT,FJ)
\calc@Acount=\count105
\calc@Bcount=\count106
\calc@Adimen=\dimen120
\calc@Bdimen=\dimen121
\calc@Askip=\skip46
\calc@Bskip=\skip47
LaTeX Info: Redefining \setlength on input line 59.
LaTeX Info: Redefining \addtolength on input line 60.
\calc@denominator=\count107
)
(/usr/share/texmf/tex/latex/mh/mhsetup.sty
Package: mhsetup 2004/10/10 v1.0b programming setup (MH)
)
\g_MT_multlinerow_int=\count108
\l_MT_multwidth_dim=\dimen122
)
(/usr/share/texmf/tex/latex/float/float.sty
Package: float 2001/11/08 v1.3d Float enhancements (AL)
\c@float@type=\count109
\float@exts=\toks21
\float@box=\box28
\@float@everytoks=\toks22
\@floatcapt=\box29
)
(/usr/share/texmf/tex/latex/tools/tabularx.sty
Package: tabularx 1999/01/07 v2.07 `tabularx' package (DPC)

(/usr/share/texmf/tex/latex/tools/array.sty
Package: array 2003/12/17 v2.4a Tabular extension package (FMi)
\col@sep=\dimen123
\extrarowheight=\dimen124
\NC@list=\toks23
\extratabsurround=\skip48
\backup@length=\skip49
)
\TX@col@width=\dimen125
\TX@old@table=\dimen126
\TX@old@col=\dimen127
\TX@target=\dimen128
\TX@delta=\dimen129
\TX@cols=\count110
\TX@ftn=\toks24
)
(/usr/share/texmf/tex/latex/tools/longtable.sty
Package: longtable 2004/02/01 v4.11 Multi-page Table package (DPC)
\LTleft=\skip50
\LTright=\skip51
\LTpre=\skip52
\LTpost=\skip53
\LTchunksize=\count111
\LTcapwidth=\dimen130
\LT@head=\box30
\LT@firsthead=\box31
\LT@foot=\box32
\LT@lastfoot=\box33
\LT@cols=\count112
\LT@rows=\count113
\c@LT@tables=\count114
\c@LT@chunks=\count115
\LT@p@ftn=\toks25
) (./project.aux)
\openout1 = `project.aux'.

LaTeX Font Info:    Checking defaults for OML/cmm/m/it on input line 24.
LaTeX Font Info:    ... okay on input line 24.
LaTeX Font Info:    Checking defaults for T1/cmr/m/n on input line 24.
LaTeX Font Info:    ... okay on input line 24.
LaTeX Font Info:    Checking defaults for OT1/cmr/m/n on input line 24.
LaTeX Font Info:    ... okay on input line 24.
LaTeX Font Info:    Checking defaults for OMS/cmsy/m/n on input line 24.
LaTeX Font Info:    ... okay on input line 24.
LaTeX Font Info:    Checking defaults for OMX/cmex/m/n on input line 24.
LaTeX Font Info:    ... okay on input line 24.
LaTeX Font Info:    Checking defaults for U/cmr/m/n on input line 24.
LaTeX Font Info:    ... okay on input line 24.


LaTeX Font Warning: Font shape `OT1/cmr/m/n' in size <18> not available
(Font)              size <17.28> substituted on input line 37.


LaTeX Font Warning: Font shape `OT1/cmr/bx/n' in size <18> not available
(Font)              size <17.28> substituted on input line 37.


Overfull \hbox (2.61107pt too wide) in paragraph at lines 37--37
[] [] [] 
 []


Overfull \hbox (2.61107pt too wide) in paragraph at lines 37--37
[] [] [] 
 []

[1


] [2] (./project.toc
LaTeX Font Info:    Try loading font information for U+msa on input line 1.
 (/usr/share/texmf/tex/latex/amsfonts/umsa.fd
File: umsa.fd 2002/01/19 v2.2g AMS font definitions
)
LaTeX Font Info:    Try loading font information for U+msb on input line 1.

(/usr/share/texmf/tex/latex/amsfonts/umsb.fd
File: umsb.fd 2002/01/19 v2.2g AMS font definitions
) [3

])
\tf@toc=\write3
\openout3 = `project.toc'.

 [4] (./project.lof [5

])
\tf@lof=\write4
\openout4 = `project.lof'.


[6] (./project.lot)
\tf@lot=\write5
\openout5 = `project.lot'.

 [7

]
 1.
Missing character: There is no ¡ in font cmr12!
Missing character: There is no ° in font cmr12!
Missing character: There is no ¡ in font cmr12!
Missing character: There is no ± in font cmr12!
[1


]
File: image/fig11.eps Graphic file (type eps)
 <image/fig11.eps> [2] [3]
File: image/fig12.eps Graphic file (type eps)
 <image/fig12.eps> [4] [5] [6]
File: image/fig14.eps Graphic file (type eps)
 <image/fig14.eps>
File: image/fig15.eps Graphic file (type eps)

<image/fig15.eps> [7]
File: image/fig16.eps Graphic file (type eps)
 <image/fig16.eps> [8]
File: image/code1.eps Graphic file (type eps)
 <image/code1.eps>
File: image/code2.eps Graphic file (type eps)

<image/code2.eps>
File: image/code3.eps Graphic file (type eps)
 <image/code3.eps> [9]
File: image/fig17.eps Graphic file (type eps)
 <image/fig17.eps> [10]
 2.
[11

] [12] [13] [14] [15]
 3.
File: image/fig31.eps Graphic file (type eps)
<image/fig31.eps> [16

] [17]
File: image/alg1.eps Graphic file (type eps)
 <image/alg1.eps> [18]
File: image/alg2.eps Graphic file (type eps)
 <image/alg2.eps> [19]
Missing character: There is no ¡ in font cmr12!
Missing character: There is no ° in font cmr12!
Missing character: There is no ¡ in font cmr12!
Missing character: There is no ± in font cmr12!

[20] [21] [22]

Package amsmath Warning: Foreign command \over;
(amsmath)                \frac or \genfrac should be used instead
(amsmath)                 on input line 282.

[23]
File: image/fig32.eps Graphic file (type eps)
 <image/fig32.eps> [24] [25] [26]
File: image/fig21.eps Graphic file (type eps)
 <image/fig21.eps> [27] [28] [29]
File: image/fig22.eps Graphic file (type eps)

<image/fig22.eps> [30]
File: image/fig23.eps Graphic file (type eps)
 <image/fig23.eps> [31]
File: image/fig24.eps Graphic file (type eps)
 <image/fig24.eps> [32] [33]
 4.
File: image/fig41.eps Graphic file (type eps)
<image/fig41.eps>
File: image/fig42.eps Graphic file (type eps)
 <image/fig42.eps> [34

]
File: image/fig43.eps Graphic file (type eps)
 <image/fig43.eps>
File: image/fig44.eps Graphic file (type eps)
 <image/fig44.eps>
File: image/fig45.eps Graphic file (type eps)

<image/fig45.eps>
File: image/fig46.eps Graphic file (type eps)
 <image/fig46.eps> [35]
File: image/fig47.eps Graphic file (type eps)
 <image/fig47.eps>
File: image/fig48.eps Graphic file (type eps)
 <image/fig48.eps>
File: image/fig49.eps Graphic file (type eps)

<image/fig49.eps> [36]
File: image/fig410.eps Graphic file (type eps)
 <image/fig410.eps> [37]
File: image/fig411.eps Graphic file (type eps)
 <image/fig411.eps>
File: image/fig412.eps Graphic file (type eps)

<image/fig412.eps>
File: image/fig413.eps Graphic file (type eps)
 <image/fig413.eps>
File: image/fig414.eps Graphic file (type eps)
 <image/fig414.eps> [38]
File: image/fig415.eps Graphic file (type eps)

<image/fig415.eps> [39]
File: image/fig416.eps Graphic file (type eps)
 <image/fig416.eps> [40]
File: image/fig417.eps Graphic file (type eps)
 <image/fig417.eps>
File: image/fig418.eps Graphic file (type eps)

<image/fig418.eps> [41]
File: image/fig419.eps Graphic file (type eps)
 <image/fig419.eps> [42]
File: image/fig420.eps Graphic file (type eps)
 <image/fig420.eps> [43]
File: image/fig421.eps Graphic file (type eps)

<image/fig421.eps> [44]
Overfull \hbox (0.49216pt too wide) in alignment at lines 622--645
 [] [] [] [] 
 []


Underfull \vbox (badness 10000) detected at line 645
 []

[45] [46] [47]
File: image/kmeans_error.eps Graphic file (type eps)
 <image/kmeans_error.eps> [48]
File: image/fig422.eps Graphic file (type eps)
 <image/fig422.eps>
File: image/fig423.eps Graphic file (type eps)

<image/fig423.eps> [49]
Overfull \hbox (38.0702pt too wide) in paragraph at lines 689--701
 [][] 
 []

[50] [51]
 5.
[52

] [53] [54] [55]
Missing character: There is no ¨ in font cmr12!
 [56] (./project.aux)

LaTeX Font Warning: Size substitutions with differences
(Font)              up to 0.72pt have occurred.

 ) 
Here is how much of TeX's memory you used:
 2105 strings out of 94501
 25711 string characters out of 1176788
 89103 words of memory out of 1000000
 5216 multiletter control sequences out of 10000+50000
 10159 words of font info for 38 fonts, out of 500000 for 2000
 580 hyphenation exceptions out of 1000
 28i,9n,22p,1688b,254s stack positions out of 1500i,500n,5000p,200000b,5000s

Output written on project.dvi (63 pages, 122732 bytes).
